GPU ANGLE (AMD Radeon RX 580 2048SP Direct3D11 vs_5_0 ps_5_0) (Google Inc.)
OpenGL OpenGL ES 3.0.0 (ANGLE 2.1.0.54a3d7cbcadb)
[Atlas] Texture size is: 4096x4096 (max: 16384x16384)
Found work dir at 'C:/Users/joaop/Documents/GitHub/wodbrk/'
== application started at Apr 18 2024 14:57:18
WoDBRK 3.1 rev 225 (dev) made by otclient.net built on Jun  7 2022 for arch x86
ERROR: Unable to find module 'game_healthinfo' required by 'game_interface'
ERROR: Unable to find module 'game_actionbar' required by 'game_interface'
ERROR: Unable to load texture '/images/audio': unable to open file '/images/audio.png': not found
ERROR: Unable to load texture '/images/audio': unable to open file '/images/audio.png': not found
ERROR: lua function callback failed: /data/modules/client_options/options.lua:391: attempt to index field 'game_actionbar' (a nil value)
stack traceback:
	[C]: in function '__index'
	/data/modules/client_options/options.lua:391: in function 'setOption'
	/data/modules/client_options/options.lua:164: in function 'setup'
	/data/modules/client_options/options.lua:143: in function </data/modules/client_options/options.lua:143>
ERROR: Failed to read dat '/things/860/Tibia.dat': corrupt data (id: 149, category: 0, count: 255, lastAttr: 0)'
Connecting to: 84.247.130.40:7171
ERROR: Failed to read dat '/things/860/Tibia.dat': corrupt data (id: 149, category: 0, count: 255, lastAttr: 0)'
Connecting to: 84.247.130.40:7171
Exiting application..
ERROR: Lua error: /mods/rc_sound/rcsound.lua:153: attempt to index a nil value
stack traceback:
	[C]: in function '__index'
	/mods/rc_sound/rcsound.lua:153: in function 'setLabel'
	/mods/rc_sound/rcsound.lua:147: in function 'stopSound'
	/mods/rc_sound/rcsound.lua:78: in function 'onGameEnd'
	/mods/rc_sound/rcsound.lua:67: in function 'terminate'
	/data/modules/game_walking/walking.otmod:9:[@onUnload]:1: in main chunk
ERROR: Unable to unload module 'game_walking': LUA ERROR:
/mods/rc_sound/rcsound.lua:153: attempt to index a nil value
stack traceback:
	[C]: in function '__index'
	/mods/rc_sound/rcsound.lua:153: in function 'setLabel'
	/mods/rc_sound/rcsound.lua:147: in function 'stopSound'
	/mods/rc_sound/rcsound.lua:78: in function 'onGameEnd'
	/mods/rc_sound/rcsound.lua:67: in function 'terminate'
	/data/modules/game_walking/walking.otmod:9:[@onUnload]:1: in main chunk
GPU AMD Radeon RX 580 2048SP (ATI Technologies Inc.)
OpenGL 4.6.0 Compatibility Profile Context 24.1.1.231127
[Atlas] Texture size is: 4096x4096 (max: 16384x16384)
Found work dir at 'C:/Users/joaop/Documents/GitHub/wodbrk/'
== application started at Apr 18 2024 14:57:39
WoDBRK 3.1 rev 225 (dev) made by otclient.net built on Jun  7 2022 for arch x86
ERROR: Unable to find module 'game_healthinfo' required by 'game_interface'
ERROR: Unable to find module 'game_actionbar' required by 'game_interface'
ERROR: Unable to load texture '/images/audio': unable to open file '/images/audio.png': not found
ERROR: Unable to load texture '/images/audio': unable to open file '/images/audio.png': not found
ERROR: lua function callback failed: /data/modules/client_options/options.lua:391: attempt to index field 'game_actionbar' (a nil value)
stack traceback:
	[C]: in function '__index'
	/data/modules/client_options/options.lua:391: in function 'setOption'
	/data/modules/client_options/options.lua:164: in function 'setup'
	/data/modules/client_options/options.lua:143: in function </data/modules/client_options/options.lua:143>
Exiting application..
ERROR: Lua error: /mods/rc_sound/rcsound.lua:153: attempt to index a nil value
stack traceback:
	[C]: in function '__index'
	/mods/rc_sound/rcsound.lua:153: in function 'setLabel'
	/mods/rc_sound/rcsound.lua:147: in function 'stopSound'
	/mods/rc_sound/rcsound.lua:78: in function 'onGameEnd'
	/mods/rc_sound/rcsound.lua:67: in function 'terminate'
	/data/modules/game_walking/walking.otmod:9:[@onUnload]:1: in main chunk
ERROR: Unable to unload module 'game_walking': LUA ERROR:
/mods/rc_sound/rcsound.lua:153: attempt to index a nil value
stack traceback:
	[C]: in function '__index'
	/mods/rc_sound/rcsound.lua:153: in function 'setLabel'
	/mods/rc_sound/rcsound.lua:147: in function 'stopSound'
	/mods/rc_sound/rcsound.lua:78: in function 'onGameEnd'
	/mods/rc_sound/rcsound.lua:67: in function 'terminate'
	/data/modules/game_walking/walking.otmod:9:[@onUnload]:1: in main chunk
GPU ANGLE (AMD Radeon RX 580 2048SP Direct3D11 vs_5_0 ps_5_0) (Google Inc.)
OpenGL OpenGL ES 3.0.0 (ANGLE 2.1.0.54a3d7cbcadb)
[Atlas] Texture size is: 4096x4096 (max: 16384x16384)
Found work dir at 'C:/Users/joaop/Documents/GitHub/wodbrk/'
== application started at Apr 18 2024 14:57:43
WoDBRK 3.1 rev 225 (dev) made by otclient.net built on Jun  7 2022 for arch x86
ERROR: Unable to find module 'game_healthinfo' required by 'game_interface'
ERROR: Unable to find module 'game_actionbar' required by 'game_interface'
ERROR: Unable to load texture '/images/audio': unable to open file '/images/audio.png': not found
ERROR: Unable to load texture '/images/audio': unable to open file '/images/audio.png': not found
ERROR: lua function callback failed: /data/modules/client_options/options.lua:391: attempt to index field 'game_actionbar' (a nil value)
stack traceback:
	[C]: in function '__index'
	/data/modules/client_options/options.lua:391: in function 'setOption'
	/data/modules/client_options/options.lua:164: in function 'setup'
	/data/modules/client_options/options.lua:143: in function </data/modules/client_options/options.lua:143>
Exiting application..
ERROR: Lua error: /mods/rc_sound/rcsound.lua:153: attempt to index a nil value
stack traceback:
	[C]: in function '__index'
	/mods/rc_sound/rcsound.lua:153: in function 'setLabel'
	/mods/rc_sound/rcsound.lua:147: in function 'stopSound'
	/mods/rc_sound/rcsound.lua:78: in function 'onGameEnd'
	/mods/rc_sound/rcsound.lua:67: in function 'terminate'
	/data/modules/game_walking/walking.otmod:9:[@onUnload]:1: in main chunk
ERROR: Unable to unload module 'game_walking': LUA ERROR:
/mods/rc_sound/rcsound.lua:153: attempt to index a nil value
stack traceback:
	[C]: in function '__index'
	/mods/rc_sound/rcsound.lua:153: in function 'setLabel'
	/mods/rc_sound/rcsound.lua:147: in function 'stopSound'
	/mods/rc_sound/rcsound.lua:78: in function 'onGameEnd'
	/mods/rc_sound/rcsound.lua:67: in function 'terminate'
	/data/modules/game_walking/walking.otmod:9:[@onUnload]:1: in main chunk
